<?xml version="1.0" encoding="UTF-8"?>
<!-- Generated by org.testng.reporters.JUnitXMLReporter -->
<testsuite hostname="Ankurs-MacBook-Air.local" ignored="0" name="Login To CitrusPay" tests="4" failures="0" timestamp="06 Aug 2017 17:43:11 GMT" time="37.79" errors="0">
  <testcase name="invalidLoginValidation" time="0.686" classname="TestNG.TestAnnotaion"/>
  <testcase name="invalidLoginValidation" time="0.69" classname="TestNG.TestAnnotaion"/>
  <testcase name="loginToApplication" time="0.645" classname="TestNG.TestAnnotaion"/>
  <testcase name="loginToApplication" time="0.596" classname="TestNG.TestAnnotaion"/>
</testsuite> <!-- Login To CitrusPay -->
