<?xml version="1.0" encoding="UTF-8"?>
<testng-results skipped="0" failed="0" ignored="0" total="4" passed="4">
  <reporter-output>
  </reporter-output>
  <suite name="LISTENERS TestSuite" duration-ms="151616" started-at="2017-08-09T18:40:09Z" finished-at="2017-08-09T18:42:41Z">
    <groups>
    </groups>
    <test name="Login To CitrusPay" duration-ms="151616" started-at="2017-08-09T18:40:09Z" finished-at="2017-08-09T18:42:41Z">
      <class name="TestNG.TestAnnotaion">
        <test-method status="PASS" signature="beforeClass()[pri:0, instance:TestNG.TestAnnotaion@402a079c]" name="beforeClass" is-config="true" duration-ms="5625" started-at="2017-08-10T00:10:09Z" finished-at="2017-08-10T00:10:15Z">
          <reporter-output>
          </reporter-output>
        </test-method> <!-- beforeClass -->
        <test-method status="PASS" signature="testSetup(java.lang.String)[pri:0, instance:TestNG.TestAnnotaion@402a079c]" name="testSetup" is-config="true" duration-ms="40339" started-at="2017-08-10T00:10:15Z" finished-at="2017-08-10T00:10:55Z">
          <params>
            <param index="0">
              <value>
                <![CDATA[chrome]]>
              </value>
            </param>
          </params>
          <reporter-output>
          </reporter-output>
        </test-method> <!-- testSetup -->
        <test-method status="PASS" signature="invalidLoginValidation(java.lang.String, java.lang.String)[pri:0, instance:TestNG.TestAnnotaion@402a079c]" name="invalidLoginValidation" duration-ms="642" started-at="2017-08-10T00:10:55Z" data-provider="credentials" finished-at="2017-08-10T00:10:56Z">
          <params>
            <param index="0">
              <value>
                <![CDATA[8142755993]]>
              </value>
            </param>
            <param index="1">
              <value>
                <![CDATA[Ankur@93]]>
              </value>
            </param>
          </params>
          <reporter-output>
          </reporter-output>
        </test-method> <!-- invalidLoginValidation -->
        <test-method status="PASS" signature="afterMeathod(org.testng.ITestResult)[pri:0, instance:TestNG.TestAnnotaion@402a079c]" name="afterMeathod" is-config="true" duration-ms="769" started-at="2017-08-10T00:10:56Z" finished-at="2017-08-10T00:10:56Z">
          <params>
            <param index="0">
              <value>
                <![CDATA[[TestResult name=invalidLoginValidation status=SUCCESS method=TestAnnotaion.invalidLoginValidation(java.lang.String, java.lang.String)[pri:0, instance:TestNG.TestAnnotaion@402a079c] output={null}]]]>
              </value>
            </param>
          </params>
          <reporter-output>
          </reporter-output>
        </test-method> <!-- afterMeathod -->
        <test-method status="PASS" signature="testSetup(java.lang.String)[pri:0, instance:TestNG.TestAnnotaion@402a079c]" name="testSetup" is-config="true" duration-ms="29582" started-at="2017-08-10T00:10:56Z" finished-at="2017-08-10T00:11:26Z">
          <params>
            <param index="0">
              <value>
                <![CDATA[chrome]]>
              </value>
            </param>
          </params>
          <reporter-output>
          </reporter-output>
        </test-method> <!-- testSetup -->
        <test-method status="PASS" signature="invalidLoginValidation(java.lang.String, java.lang.String)[pri:0, instance:TestNG.TestAnnotaion@402a079c]" name="invalidLoginValidation" duration-ms="581" started-at="2017-08-10T00:11:26Z" data-provider="credentials" finished-at="2017-08-10T00:11:27Z">
          <params>
            <param index="0">
              <value>
                <![CDATA[8142755993]]>
              </value>
            </param>
            <param index="1">
              <value>
                <![CDATA[Kellogs]]>
              </value>
            </param>
          </params>
          <reporter-output>
          </reporter-output>
        </test-method> <!-- invalidLoginValidation -->
        <test-method status="PASS" signature="afterMeathod(org.testng.ITestResult)[pri:0, instance:TestNG.TestAnnotaion@402a079c]" name="afterMeathod" is-config="true" duration-ms="539" started-at="2017-08-10T00:11:27Z" finished-at="2017-08-10T00:11:27Z">
          <params>
            <param index="0">
              <value>
                <![CDATA[[TestResult name=invalidLoginValidation status=SUCCESS method=TestAnnotaion.invalidLoginValidation(java.lang.String, java.lang.String)[pri:0, instance:TestNG.TestAnnotaion@402a079c] output={null}]]]>
              </value>
            </param>
          </params>
          <reporter-output>
          </reporter-output>
        </test-method> <!-- afterMeathod -->
        <test-method status="PASS" signature="testSetup(java.lang.String)[pri:0, instance:TestNG.TestAnnotaion@402a079c]" name="testSetup" is-config="true" duration-ms="36364" started-at="2017-08-10T00:11:27Z" finished-at="2017-08-10T00:12:03Z">
          <params>
            <param index="0">
              <value>
                <![CDATA[chrome]]>
              </value>
            </param>
          </params>
          <reporter-output>
          </reporter-output>
        </test-method> <!-- testSetup -->
        <test-method status="PASS" signature="loginToApplication(java.lang.String, java.lang.String)[pri:0, instance:TestNG.TestAnnotaion@402a079c]" name="loginToApplication" duration-ms="545" started-at="2017-08-10T00:12:03Z" data-provider="credentials" finished-at="2017-08-10T00:12:04Z">
          <params>
            <param index="0">
              <value>
                <![CDATA[8142755993]]>
              </value>
            </param>
            <param index="1">
              <value>
                <![CDATA[Ankur@93]]>
              </value>
            </param>
          </params>
          <reporter-output>
          </reporter-output>
        </test-method> <!-- loginToApplication -->
        <test-method status="PASS" signature="afterMeathod(org.testng.ITestResult)[pri:0, instance:TestNG.TestAnnotaion@402a079c]" name="afterMeathod" is-config="true" duration-ms="554" started-at="2017-08-10T00:12:04Z" finished-at="2017-08-10T00:12:05Z">
          <params>
            <param index="0">
              <value>
                <![CDATA[[TestResult name=loginToApplication status=SUCCESS method=TestAnnotaion.loginToApplication(java.lang.String, java.lang.String)[pri:0, instance:TestNG.TestAnnotaion@402a079c] output={null}]]]>
              </value>
            </param>
          </params>
          <reporter-output>
          </reporter-output>
        </test-method> <!-- afterMeathod -->
        <test-method status="PASS" signature="testSetup(java.lang.String)[pri:0, instance:TestNG.TestAnnotaion@402a079c]" name="testSetup" is-config="true" duration-ms="34920" started-at="2017-08-10T00:12:05Z" finished-at="2017-08-10T00:12:40Z">
          <params>
            <param index="0">
              <value>
                <![CDATA[chrome]]>
              </value>
            </param>
          </params>
          <reporter-output>
          </reporter-output>
        </test-method> <!-- testSetup -->
        <test-method status="PASS" signature="loginToApplication(java.lang.String, java.lang.String)[pri:0, instance:TestNG.TestAnnotaion@402a079c]" name="loginToApplication" duration-ms="550" started-at="2017-08-10T00:12:40Z" data-provider="credentials" finished-at="2017-08-10T00:12:40Z">
          <params>
            <param index="0">
              <value>
                <![CDATA[8142755993]]>
              </value>
            </param>
            <param index="1">
              <value>
                <![CDATA[Kellogs]]>
              </value>
            </param>
          </params>
          <reporter-output>
          </reporter-output>
        </test-method> <!-- loginToApplication -->
        <test-method status="PASS" signature="afterMeathod(org.testng.ITestResult)[pri:0, instance:TestNG.TestAnnotaion@402a079c]" name="afterMeathod" is-config="true" duration-ms="571" started-at="2017-08-10T00:12:40Z" finished-at="2017-08-10T00:12:41Z">
          <params>
            <param index="0">
              <value>
                <![CDATA[[TestResult name=loginToApplication status=SUCCESS method=TestAnnotaion.loginToApplication(java.lang.String, java.lang.String)[pri:0, instance:TestNG.TestAnnotaion@402a079c] output={null}]]]>
              </value>
            </param>
          </params>
          <reporter-output>
          </reporter-output>
        </test-method> <!-- afterMeathod -->
      </class> <!-- TestNG.TestAnnotaion -->
    </test> <!-- Login To CitrusPay -->
  </suite> <!-- LISTENERS TestSuite -->
</testng-results>
