<?xml version="1.0" encoding="UTF-8"?>
<testng-results skipped="0" failed="0" ignored="0" total="4" passed="4">
  <reporter-output>
  </reporter-output>
  <suite name="LISTENERS TestSuite" duration-ms="112632" started-at="2017-08-09T16:38:55Z" finished-at="2017-08-09T16:40:48Z">
    <groups>
    </groups>
    <test name="Login To CitrusPay" duration-ms="112632" started-at="2017-08-09T16:38:55Z" finished-at="2017-08-09T16:40:48Z">
      <class name="TestNG.TestAnnotaion">
        <test-method status="PASS" signature="beforeClass()[pri:0, instance:TestNG.TestAnnotaion@402a079c]" name="beforeClass" is-config="true" duration-ms="5682" started-at="2017-08-09T22:08:55Z" finished-at="2017-08-09T22:09:01Z">
          <reporter-output>
          </reporter-output>
        </test-method> <!-- beforeClass -->
        <test-method status="PASS" signature="testSetup(java.lang.String)[pri:0, instance:TestNG.TestAnnotaion@402a079c]" name="testSetup" is-config="true" duration-ms="37345" started-at="2017-08-09T22:09:01Z" finished-at="2017-08-09T22:09:38Z">
          <params>
            <param index="0">
              <value>
                <![CDATA[chrome]]>
              </value>
            </param>
          </params>
          <reporter-output>
          </reporter-output>
        </test-method> <!-- testSetup -->
        <test-method status="PASS" signature="invalidLoginValidation(java.lang.String, java.lang.String)[pri:0, instance:TestNG.TestAnnotaion@402a079c]" name="invalidLoginValidation" duration-ms="802" started-at="2017-08-09T22:09:38Z" data-provider="credentials" finished-at="2017-08-09T22:09:39Z">
          <params>
            <param index="0">
              <value>
                <![CDATA[8142755993]]>
              </value>
            </param>
            <param index="1">
              <value>
                <![CDATA[Ankur@93]]>
              </value>
            </param>
          </params>
          <reporter-output>
          </reporter-output>
        </test-method> <!-- invalidLoginValidation -->
        <test-method status="PASS" signature="afterMeathod(org.testng.ITestResult)[pri:0, instance:TestNG.TestAnnotaion@402a079c]" name="afterMeathod" is-config="true" duration-ms="7011" started-at="2017-08-09T22:09:39Z" finished-at="2017-08-09T22:09:46Z">
          <params>
            <param index="0">
              <value>
                <![CDATA[[TestResult name=invalidLoginValidation status=SUCCESS method=TestAnnotaion.invalidLoginValidation(java.lang.String, java.lang.String)[pri:0, instance:TestNG.TestAnnotaion@402a079c] output={null}]]]>
              </value>
            </param>
          </params>
          <reporter-output>
          </reporter-output>
        </test-method> <!-- afterMeathod -->
        <test-method status="PASS" signature="testSetup(java.lang.String)[pri:0, instance:TestNG.TestAnnotaion@402a079c]" name="testSetup" is-config="true" duration-ms="9996" started-at="2017-08-09T22:09:46Z" finished-at="2017-08-09T22:09:56Z">
          <params>
            <param index="0">
              <value>
                <![CDATA[chrome]]>
              </value>
            </param>
          </params>
          <reporter-output>
          </reporter-output>
        </test-method> <!-- testSetup -->
        <test-method status="PASS" signature="invalidLoginValidation(java.lang.String, java.lang.String)[pri:0, instance:TestNG.TestAnnotaion@402a079c]" name="invalidLoginValidation" duration-ms="589" started-at="2017-08-09T22:09:56Z" data-provider="credentials" finished-at="2017-08-09T22:09:56Z">
          <params>
            <param index="0">
              <value>
                <![CDATA[8142755993]]>
              </value>
            </param>
            <param index="1">
              <value>
                <![CDATA[Kellogs]]>
              </value>
            </param>
          </params>
          <reporter-output>
          </reporter-output>
        </test-method> <!-- invalidLoginValidation -->
        <test-method status="PASS" signature="afterMeathod(org.testng.ITestResult)[pri:0, instance:TestNG.TestAnnotaion@402a079c]" name="afterMeathod" is-config="true" duration-ms="570" started-at="2017-08-09T22:09:56Z" finished-at="2017-08-09T22:09:57Z">
          <params>
            <param index="0">
              <value>
                <![CDATA[[TestResult name=invalidLoginValidation status=SUCCESS method=TestAnnotaion.invalidLoginValidation(java.lang.String, java.lang.String)[pri:0, instance:TestNG.TestAnnotaion@402a079c] output={null}]]]>
              </value>
            </param>
          </params>
          <reporter-output>
          </reporter-output>
        </test-method> <!-- afterMeathod -->
        <test-method status="PASS" signature="testSetup(java.lang.String)[pri:0, instance:TestNG.TestAnnotaion@402a079c]" name="testSetup" is-config="true" duration-ms="13090" started-at="2017-08-09T22:09:57Z" finished-at="2017-08-09T22:10:10Z">
          <params>
            <param index="0">
              <value>
                <![CDATA[chrome]]>
              </value>
            </param>
          </params>
          <reporter-output>
          </reporter-output>
        </test-method> <!-- testSetup -->
        <test-method status="PASS" signature="loginToApplication(java.lang.String, java.lang.String)[pri:0, instance:TestNG.TestAnnotaion@402a079c]" name="loginToApplication" duration-ms="557" started-at="2017-08-09T22:10:10Z" data-provider="credentials" finished-at="2017-08-09T22:10:11Z">
          <params>
            <param index="0">
              <value>
                <![CDATA[8142755993]]>
              </value>
            </param>
            <param index="1">
              <value>
                <![CDATA[Ankur@93]]>
              </value>
            </param>
          </params>
          <reporter-output>
          </reporter-output>
        </test-method> <!-- loginToApplication -->
        <test-method status="PASS" signature="afterMeathod(org.testng.ITestResult)[pri:0, instance:TestNG.TestAnnotaion@402a079c]" name="afterMeathod" is-config="true" duration-ms="4289" started-at="2017-08-09T22:10:11Z" finished-at="2017-08-09T22:10:15Z">
          <params>
            <param index="0">
              <value>
                <![CDATA[[TestResult name=loginToApplication status=SUCCESS method=TestAnnotaion.loginToApplication(java.lang.String, java.lang.String)[pri:0, instance:TestNG.TestAnnotaion@402a079c] output={null}]]]>
              </value>
            </param>
          </params>
          <reporter-output>
          </reporter-output>
        </test-method> <!-- afterMeathod -->
        <test-method status="PASS" signature="testSetup(java.lang.String)[pri:0, instance:TestNG.TestAnnotaion@402a079c]" name="testSetup" is-config="true" duration-ms="31436" started-at="2017-08-09T22:10:15Z" finished-at="2017-08-09T22:10:46Z">
          <params>
            <param index="0">
              <value>
                <![CDATA[chrome]]>
              </value>
            </param>
          </params>
          <reporter-output>
          </reporter-output>
        </test-method> <!-- testSetup -->
        <test-method status="PASS" signature="loginToApplication(java.lang.String, java.lang.String)[pri:0, instance:TestNG.TestAnnotaion@402a079c]" name="loginToApplication" duration-ms="620" started-at="2017-08-09T22:10:46Z" data-provider="credentials" finished-at="2017-08-09T22:10:47Z">
          <params>
            <param index="0">
              <value>
                <![CDATA[8142755993]]>
              </value>
            </param>
            <param index="1">
              <value>
                <![CDATA[Kellogs]]>
              </value>
            </param>
          </params>
          <reporter-output>
          </reporter-output>
        </test-method> <!-- loginToApplication -->
        <test-method status="PASS" signature="afterMeathod(org.testng.ITestResult)[pri:0, instance:TestNG.TestAnnotaion@402a079c]" name="afterMeathod" is-config="true" duration-ms="600" started-at="2017-08-09T22:10:47Z" finished-at="2017-08-09T22:10:48Z">
          <params>
            <param index="0">
              <value>
                <![CDATA[[TestResult name=loginToApplication status=SUCCESS method=TestAnnotaion.loginToApplication(java.lang.String, java.lang.String)[pri:0, instance:TestNG.TestAnnotaion@402a079c] output={null}]]]>
              </value>
            </param>
          </params>
          <reporter-output>
          </reporter-output>
        </test-method> <!-- afterMeathod -->
      </class> <!-- TestNG.TestAnnotaion -->
    </test> <!-- Login To CitrusPay -->
  </suite> <!-- LISTENERS TestSuite -->
</testng-results>
