<?xml version="1.0" encoding="UTF-8"?>
<!-- Generated by org.testng.reporters.JUnitXMLReporter -->
<testsuite hostname="Ankurs-MacBook-Air.local" ignored="0" name="Login To CitrusPay" tests="4" failures="0" timestamp="09 Aug 2017 18:42:46 GMT" time="151.616" errors="0">
  <testcase name="invalidLoginValidation" time="0.642" classname="TestNG.TestAnnotaion"/>
  <testcase name="invalidLoginValidation" time="0.581" classname="TestNG.TestAnnotaion"/>
  <testcase name="loginToApplication" time="0.545" classname="TestNG.TestAnnotaion"/>
  <testcase name="loginToApplication" time="0.55" classname="TestNG.TestAnnotaion"/>
</testsuite> <!-- Login To CitrusPay -->
