<?xml version="1.0" encoding="UTF-8"?>
<!-- Generated by org.testng.reporters.JUnitXMLReporter -->
<testsuite hostname="Ankurs-MacBook-Air.local" ignored="0" name="Login To CitrusPay" tests="4" failures="0" timestamp="08 Aug 2017 17:11:35 GMT" time="138.5" errors="0">
  <testcase name="invalidLoginValidation" time="0.776" classname="TestNG.TestAnnotaion"/>
  <testcase name="invalidLoginValidation" time="0.7" classname="TestNG.TestAnnotaion"/>
  <testcase name="loginToApplication" time="0.573" classname="TestNG.TestAnnotaion"/>
  <testcase name="loginToApplication" time="0.558" classname="TestNG.TestAnnotaion"/>
</testsuite> <!-- Login To CitrusPay -->
